0 info it worked if it ends with ok
1 verbose cli [ 'C:\\Program Files\\nodejs\\node.exe',
1 verbose cli   'C:\\Program Files\\nodejs\\node_modules\\npm\\bin\\npm-cli.js',
1 verbose cli   'publish',
1 verbose cli   '.\\alkinn\\',
1 verbose cli   '--tag',
1 verbose cli   'alkinn-cli',
1 verbose cli   '--access',
1 verbose cli   'public' ]
2 info using npm@3.10.10
3 info using node@v6.10.0
4 verbose publish [ '.\\alkinn\\' ]
5 silly cache add args [ '.\\alkinn\\', null ]
6 verbose cache add spec .\alkinn\
7 silly cache add parsed spec Result {
7 silly cache add   raw: '.\\alkinn\\',
7 silly cache add   scope: null,
7 silly cache add   escapedName: null,
7 silly cache add   name: null,
7 silly cache add   rawSpec: '.\\alkinn\\',
7 silly cache add   spec: 'C:\\node.js\\alkinn\\alkinn',
7 silly cache add   type: 'local' }
8 error addLocal Could not install C:\node.js\alkinn\alkinn
9 verbose stack Error: ENOENT: no such file or directory, open 'C:\node.js\alkinn\alkinn'
9 verbose stack     at Error (native)
10 verbose cwd C:\node.js\alkinn
11 error Windows_NT 10.0.14393
12 error argv "C:\\Program Files\\nodejs\\node.exe" "C:\\Program Files\\nodejs\\node_modules\\npm\\bin\\npm-cli.js" "publish" ".\\alkinn\\" "--tag" "alkinn-cli" "--access" "public"
13 error node v6.10.0
14 error npm  v3.10.10
15 error path C:\node.js\alkinn\alkinn
16 error code ENOENT
17 error errno -4058
18 error syscall open
19 error enoent ENOENT: no such file or directory, open 'C:\node.js\alkinn\alkinn'
20 error enoent ENOENT: no such file or directory, open 'C:\node.js\alkinn\alkinn'
20 error enoent This is most likely not a problem with npm itself
20 error enoent and is related to npm not being able to find a file.
21 verbose exit [ -4058, true ]
